<?xml version="1.0" encoding="UTF-8"?><testsuite errors="0" failures="0" name="com.bestbuy.serviceinfo.ServiceCrudTest" skipped="0" tests="5" time="7.89" timestamp="2023-02-28T21:53:31.107Z[Europe/London]"><testcase classname="com.bestbuy.serviceinfo.ServiceCrudTest" name="get all categories list"/><testcase classname="com.bestbuy.serviceinfo.ServiceCrudTest" name="This will create a new categories"/><testcase classname="com.bestbuy.serviceinfo.ServiceCrudTest" name="Verify if categories was created"/><testcase classname="com.bestbuy.serviceinfo.ServiceCrudTest" name="update the categories and verify the update information"/><testcase classname="com.bestbuy.serviceinfo.ServiceCrudTest" name="Delete the categories and verify if the categories is deleted"/></testsuite>