<?xml version="1.0" encoding="UTF-8"?><testsuite errors="0" failures="0" name="com.bestbuy.productinfo.ProductCurdTestWithSteps" skipped="0" tests="4" time="7.77" timestamp="2023-03-01T19:54:51.654Z[Europe/London]"><testcase classname="com.bestbuy.productinfo.ProductCurdTestWithSteps" name="This will create a new products"/><testcase classname="com.bestbuy.productinfo.ProductCurdTestWithSteps" name="verify if products is created"/><testcase classname="com.bestbuy.productinfo.ProductCurdTestWithSteps" name="update the products information"/><testcase classname="com.bestbuy.productinfo.ProductCurdTestWithSteps" name="Delete products info by productsID and verify its deleted"/></testsuite>