<?xml version="1.0" encoding="UTF-8"?><testsuite errors="0" failures="0" name="com.bestbuy.categoriesinfo.CategoriesCrudTest" skipped="0" tests="5" time="7.33" timestamp="2023-02-28T21:54:01.372Z[Europe/London]"><testcase classname="com.bestbuy.categoriesinfo.CategoriesCrudTest" name="get all categories list"/><testcase classname="com.bestbuy.categoriesinfo.CategoriesCrudTest" name="This will create a new categories"/><testcase classname="com.bestbuy.categoriesinfo.CategoriesCrudTest" name="Verify if categories was created"/><testcase classname="com.bestbuy.categoriesinfo.CategoriesCrudTest" name="update the categories and verify the update information"/><testcase classname="com.bestbuy.categoriesinfo.CategoriesCrudTest" name="Delete the categories and verify if the categories is deleted"/></testsuite>