<?xml version="1.0" encoding="UTF-8"?><testsuite errors="0" failures="0" name="com.bestbuy.productinfo.ProductCurdTest" skipped="0" tests="5" time="8.05" timestamp="2023-02-28T21:53:01.045Z[Europe/London]"><testcase classname="com.bestbuy.productinfo.ProductCurdTest" name="get all product list"/><testcase classname="com.bestbuy.productinfo.ProductCurdTest" name="create new product"/><testcase classname="com.bestbuy.productinfo.ProductCurdTest" name="Verify if product was created"/><testcase classname="com.bestbuy.productinfo.ProductCurdTest" name="update the product and verify the update information"/><testcase classname="com.bestbuy.productinfo.ProductCurdTest" name="Delete the product and verify if the product is deleted"/></testsuite>