<?xml version="1.0" encoding="UTF-8"?><testsuite errors="0" failures="0" name="com.bestbuy.categoriesinfo.CategoriesTestWithSteps" skipped="0" tests="4" time="7.13" timestamp="2023-03-01T19:54:36.604Z[Europe/London]"><testcase classname="com.bestbuy.categoriesinfo.CategoriesTestWithSteps" name="This will create a new categories"/><testcase classname="com.bestbuy.categoriesinfo.CategoriesTestWithSteps" name="verify if categories is created"/><testcase classname="com.bestbuy.categoriesinfo.CategoriesTestWithSteps" name="update the categories information"/><testcase classname="com.bestbuy.categoriesinfo.CategoriesTestWithSteps" name="Delete categories info by StudentID and verify its deleted"/></testsuite>