<?xml version="1.0" encoding="UTF-8"?><testsuite errors="0" failures="0" name="com.bestbuy.serviceinfo.ServiceTestWithSteps" skipped="0" tests="4" time="5.97" timestamp="2023-03-01T19:55:08.353Z[Europe/London]"><testcase classname="com.bestbuy.serviceinfo.ServiceTestWithSteps" name="This will create a new categories"/><testcase classname="com.bestbuy.serviceinfo.ServiceTestWithSteps" name="verify if categories is created"/><testcase classname="com.bestbuy.serviceinfo.ServiceTestWithSteps" name="update the categories information"/><testcase classname="com.bestbuy.serviceinfo.ServiceTestWithSteps" name="Delete categories info by StudentID and verify its deleted"/></testsuite>